2019-12-10 01:03:59 pid:8005 Workerman[yii] stopping ...
2019-12-10 01:03:59 pid:8005 Workerman[yii] has been stopped
2019-12-10 01:04:00 pid:10085 Workerman[chatcustomerrun_start_file] start in DEBUG mode
2019-12-10 01:04:02 pid:8376 Workerman[yii] stopping ...
2019-12-10 01:04:02 pid:8376 Workerman[yii] has been stopped
2019-12-10 01:04:03 pid:10129 Workerman[chatcustomerservicerun_start_file] start in DEBUG mode
2019-12-11 12:12:43 pid:6473 Workerman[guestserverreg_start_file] start in DEBUG mode
2019-12-11 12:14:33 pid:6473 Workerman[yii] stopping ...
2019-12-11 12:14:33 pid:6473 Workerman[yii] has been stopped
2019-12-11 12:31:02 pid:6518 Workerman[guestservergateway_start_file] start in DEBUG mode
2019-12-11 12:31:15 pid:6518 Workerman[yii] stopping ...
2019-12-11 12:31:15 pid:6518 Workerman[yii] has been stopped
2019-12-11 12:33:08 pid:6548 Workerman[guestserverbusiworker_start_file] start in DEBUG mode
2019-12-11 12:33:10 pid:6548 Workerman[yii] stopping ...
2019-12-11 12:33:10 pid:6548 Workerman[yii] has been stopped
2019-12-11 12:35:46 pid:6565 Workerman[guestserverbusiworker_start_file] start in DEBUG mode
2019-12-11 12:35:52 pid:6565 Workerman[yii] stopping ...
2019-12-11 12:35:52 pid:6565 Workerman[yii] has been stopped
2019-12-11 12:44:53 pid:6667 Workerman[guestserverrunall_start_file] start in DEBUG mode
2019-12-11 12:44:55 pid:6667 Workerman[yii] stopping ...
2019-12-11 12:44:55 pid:6667 Workerman[yii] has been stopped
2019-12-11 12:44:57 pid:6681 Workerman[guestserverrunall_start_file] start in DEBUG mode
2019-12-11 12:44:59 pid:6681 Workerman[yii] stopping ...
2019-12-11 12:44:59 pid:6681 Workerman[yii] has been stopped
2019-12-11 12:49:44 pid:6708 Workerman[guestserverrunall_start_file] start in DEBUG mode
2019-12-11 12:50:51 pid:6708 Workerman[yii] stopping ...
2019-12-11 12:50:51 pid:6708 Workerman[yii] has been stopped
2019-12-11 12:50:58 pid:6730 Workerman[guestserverrunall_start_file] start in DEBUG mode
2019-12-11 14:22:06 pid:6730 Workerman[yii] stopping ...
2019-12-11 14:22:07 pid:6730 Workerman[yii] has been stopped
2019-12-12 03:39:34 pid:9545 Workerman[csserverrunall_start_file] start in DEBUG mode
2019-12-12 03:39:36 pid:9545 Workerman[yii] stopping ...
2019-12-12 03:39:36 pid:9545 Workerman[yii] has been stopped
2019-12-12 06:47:35 pid:10027 Workerman[csserverrunall_start_file] start in DEBUG mode
2019-12-12 06:47:37 pid:10027 Workerman[yii] stopping ...
2019-12-12 06:47:37 pid:10027 Workerman[yii] has been stopped
2019-12-12 06:47:37 pid:10049 Workerman[csserverrunall_start_file] start in DEBUG mode
2019-12-12 06:47:39 pid:10049 Workerman[yii] stopping ...
2019-12-12 06:47:39 pid:10049 Workerman[yii] has been stopped
2019-12-12 06:47:40 pid:10071 Workerman[csserverrunall_start_file] start in DEBUG mode
2019-12-12 07:03:09 pid:10071 Workerman[yii] stopping ...
2019-12-12 07:03:09 pid:10071 Workerman[yii] has been stopped
2019-12-12 07:11:08 pid:10692 Workerman[csserverreg_start_file] status 
2019-12-12 07:11:08 pid:10692 Workerman[csserverreg_start_file] not run
2019-12-12 07:11:18 pid:10718 Workerman[csserverrunall_start_file] start in DEBUG mode
2019-12-12 07:11:20 pid:10728 Workerman[csserverreg_start_file] status 
2019-12-12 07:11:20 pid:10728 Workerman[csserverreg_start_file] not run
2019-12-12 07:11:22 pid:10741 Workerman[csserverreg_start_file] status 
2019-12-12 07:11:22 pid:10741 Workerman[csserverreg_start_file] not run
2019-12-12 07:13:18 pid:10796 Workerman[csserverreg_start_file] start in DEBUG mode
2019-12-12 07:15:40 pid:10796 Workerman[yii] stopping ...
2019-12-12 07:15:40 pid:10796 Workerman[yii] has been stopped
2019-12-12 07:17:01 pid:10824 Workerman[csserverrunall_start_file] status 
2019-12-12 08:36:29 pid:10718 Workerman[yii] stopping ...
2019-12-12 08:36:32 pid:10718 Workerman[yii] stopping ...
2019-12-12 08:36:32 pid:10718 Workerman[yii] has been stopped
2019-12-12 10:26:47 pid:12042 Workerman[csserverrunall_start_file] status 
2019-12-12 10:26:47 pid:12042 Workerman[csserverrunall_start_file] not run
2019-12-12 10:26:53 pid:12068 Workerman[csserverrunall_start_file] start in DEBUG mode
2019-12-12 10:28:49 pid:12068 Workerman[yii] stopping ...
2019-12-12 10:28:49 pid:12068 Workerman[yii] has been stopped
2019-12-12 10:28:49 pid:12090 Workerman[csserverrunall_start_file] start in DEBUG mode
2019-12-12 12:28:07 pid:12090 Workerman[yii] stopping ...
2019-12-12 12:28:07 pid:12090 Workerman[yii] has been stopped
2019-12-12 12:28:17 pid:12414 Workerman[guestserverrunall_start_file] start in DEBUG mode
2019-12-12 13:20:28 pid:12414 Workerman[yii] stopping ...
2019-12-12 13:20:28 pid:12414 Workerman[yii] has been stopped
2019-12-12 13:22:11 pid:13028 Workerman[guestserverrunall_start_file] start in DEBUG mode
2019-12-12 13:23:58 pid:13052 Workerman[csserverrunall_start_file] start in DEBUG mode
2019-12-12 13:55:30 pid:13052 Workerman[yii] stopping ...
2019-12-12 13:55:31 pid:13052 Workerman[yii] has been stopped
2019-12-12 13:55:32 pid:13393 Workerman[csserverrunall_start_file] start in DEBUG mode
2019-12-12 14:04:10 pid:13028 Workerman[yii] stopping ...
2019-12-12 14:04:10 pid:13028 Workerman[yii] has been stopped
2019-12-12 14:04:10 pid:13429 Workerman[guestserverrunall_start_file] start in DEBUG mode
2019-12-13 08:25:00 pid:13437 yii\base\ErrorException: A non-numeric value encountered in /home/www/guangzhou/kefu/console/services/GuestBusiHanlderService.php:48
Stack trace:
#0 /home/www/guangzhou/kefu/console/services/GuestBusiHanlderService.php(48): yii\base\ErrorHandler->handleError(2, 'A non-numeric v...', '/home/www/guang...', 48, Array)
#1 [internal function]: console\services\GuestBusiHanlderService::onMessage('7f0000010fa1000...', '{"cmd":"guest_i...')
#2 /home/www/guangzhou/kefu_vendor/workerman/gateway-worker/src/BusinessWorker.php(403): call_user_func('console\\service...', '7f0000010fa1000...', '"{\\"cmd\\":\\"gue...')
#3 /home/www/guangzhou/kefu_vendor/workerman/workerman/Connection/TcpConnection.php(658): GatewayWorker\BusinessWorker->onGatewayMessage(Object(Workerman\Connection\AsyncTcpConnection), Array)
#4 /home/www/guangzhou/kefu_vendor/workerman/workerman/Events/Select.php(294): Workerman\Connection\TcpConnection->baseRead(Resource id #160)
#5 /home/www/guangzhou/kefu_vendor/workerman/workerman/Worker.php(2380): Workerman\Events\Select->loop()
#6 /home/www/guangzhou/kefu_vendor/workerman/gateway-worker/src/BusinessWorker.php(197): Workerman\Worker->run()
#7 /home/www/guangzhou/kefu_vendor/workerman/workerman/Worker.php(1488): GatewayWorker\BusinessWorker->run()
#8 /home/www/guangzhou/kefu_vendor/workerman/workerman/Worker.php(1318): Workerman\Worker::forkOneWorkerForLinux(Object(GatewayWorker\BusinessWorker))
#9 /home/www/guangzhou/kefu_vendor/workerman/workerman/Worker.php(1292): Workerman\Worker::forkWorkersForLinux()
#10 /home/www/guangzhou/kefu_vendor/workerman/workerman/Worker.php(509): Workerman\Worker::forkWorkers()
#11 /home/www/guangzhou/kefu/console/modules/guest/controllers/ServerController.php(50): Workerman\Worker::runAll()
#12 [internal function]: console\modules\guest\controllers\ServerController->actionRunAll('start')
#13 /home/www/guangzhou/kefu_vendor/yiisoft/yii2/base/InlineAction.php(57): call_user_func_array(Array, Array)
#14 /home/www/guangzhou/kefu_vendor/yiisoft/yii2/base/Controller.php(157): yii\base\InlineAction->runWithParams(Array)
#15 /home/www/guangzhou/kefu_vendor/yiisoft/yii2/console/Controller.php(148): yii\base\Controller->runAction('run-all', Array)
#16 /home/www/guangzhou/kefu_vendor/yiisoft/yii2/base/Module.php(528): yii\console\Controller->runAction('run-all', Array)
#17 /home/www/guangzhou/kefu_vendor/yiisoft/yii2/console/Application.php(180): yii\base\Module->runAction('guest/server/ru...', Array)
#18 /home/www/guangzhou/kefu_vendor/yiisoft/yii2/console/Application.php(147): yii\console\Application->runAction('guest/server/ru...', Array)
#19 /home/www/guangzhou/kefu_vendor/yiisoft/yii2/base/Application.php(386): yii\console\Application->handleRequest(Object(yii\console\Request))
#20 /home/www/guangzhou/kefu/yii(23): yii\base\Application->run()
#21 {main}

Next Error: Unsupported operand types in /home/www/guangzhou/kefu/console/services/GuestBusiHanlderService.php:48
Stack trace:
#0 [internal function]: console\services\GuestBusiHanlderService::onMessage('7f0000010fa1000...', '{"cmd":"guest_i...')
#1 /home/www/guangzhou/kefu_vendor/workerman/gateway-worker/src/BusinessWorker.php(403): call_user_func('console\\service...', '7f0000010fa1000...', '"{\\"cmd\\":\\"gue...')
#2 /home/www/guangzhou/kefu_vendor/workerman/workerman/Connection/TcpConnection.php(658): GatewayWorker\BusinessWorker->onGatewayMessage(Object(Workerman\Connection\AsyncTcpConnection), Array)
#3 /home/www/guangzhou/kefu_vendor/workerman/workerman/Events/Select.php(294): Workerman\Connection\TcpConnection->baseRead(Resource id #160)
#4 /home/www/guangzhou/kefu_vendor/workerman/workerman/Worker.php(2380): Workerman\Events\Select->loop()
#5 /home/www/guangzhou/kefu_vendor/workerman/gateway-worker/src/BusinessWorker.php(197): Workerman\Worker->run()
#6 /home/www/guangzhou/kefu_vendor/workerman/workerman/Worker.php(1488): GatewayWorker\BusinessWorker->run()
#7 /home/www/guangzhou/kefu_vendor/workerman/workerman/Worker.php(1318): Workerman\Worker::forkOneWorkerForLinux(Object(GatewayWorker\BusinessWorker))
#8 /home/www/guangzhou/kefu_vendor/workerman/workerman/Worker.php(1292): Workerman\Worker::forkWorkersForLinux()
#9 /home/www/guangzhou/kefu_vendor/workerman/workerman/Worker.php(509): Workerman\Worker::forkWorkers()
#10 /home/www/guangzhou/kefu/console/modules/guest/controllers/ServerController.php(50): Workerman\Worker::runAll()
#11 [internal function]: console\modules\guest\controllers\ServerController->actionRunAll('start')
#12 /home/www/guangzhou/kefu_vendor/yiisoft/yii2/base/InlineAction.php(57): call_user_func_array(Array, Array)
#13 /home/www/guangzhou/kefu_vendor/yiisoft/yii2/base/Controller.php(157): yii\base\InlineAction->runWithParams(Array)
#14 /home/www/guangzhou/kefu_vendor/yiisoft/yii2/console/Controller.php(148): yii\base\Controller->runAction('run-all', Array)
#15 /home/www/guangzhou/kefu_vendor/yiisoft/yii2/base/Module.php(528): yii\console\Controller->runAction('run-all', Array)
#16 /home/www/guangzhou/kefu_vendor/yiisoft/yii2/console/Application.php(180): yii\base\Module->runAction('guest/server/ru...', Array)
#17 /home/www/guangzhou/kefu_vendor/yiisoft/yii2/console/Application.php(147): yii\console\Application->runAction('guest/server/ru...', Array)
#18 /home/www/guangzhou/kefu_vendor/yiisoft/yii2/base/Application.php(386): yii\console\Application->handleRequest(Object(yii\console\Request))
#19 /home/www/guangzhou/kefu/yii(23): yii\base\Application->run()
#20 {main}
2019-12-13 08:25:00 pid:13437 Worker[13437] process terminated
2019-12-13 08:25:00 pid:13429 worker[guest_busworker:13437] exit with status 64000
2019-12-13 08:27:32 pid:13429 Workerman[yii] stopping ...
2019-12-13 08:27:32 pid:13429 Workerman[yii] has been stopped
2019-12-13 08:27:33 pid:17755 Workerman[guestserverrunall_start_file] start in DEBUG mode
2019-12-13 08:27:40 pid:17765 yii\base\ErrorException: A non-numeric value encountered in /home/www/guangzhou/kefu/console/services/GuestBusiHanlderService.php:45
Stack trace:
#0 /home/www/guangzhou/kefu/console/services/GuestBusiHanlderService.php(45): yii\base\ErrorHandler->handleError(2, 'A non-numeric v...', '/home/www/guang...', 45, Array)
#1 [internal function]: console\services\GuestBusiHanlderService::onMessage('7f0000010fa3000...', '{"cmd":"guest_i...')
#2 /home/www/guangzhou/kefu_vendor/workerman/gateway-worker/src/BusinessWorker.php(403): call_user_func('console\\service...', '7f0000010fa3000...', '"{\\"cmd\\":\\"gue...')
#3 /home/www/guangzhou/kefu_vendor/workerman/workerman/Connection/TcpConnection.php(658): GatewayWorker\BusinessWorker->onGatewayMessage(Object(Workerman\Connection\AsyncTcpConnection), Array)
#4 /home/www/guangzhou/kefu_vendor/workerman/workerman/Events/Select.php(294): Workerman\Connection\TcpConnection->baseRead(Resource id #163)
#5 /home/www/guangzhou/kefu_vendor/workerman/workerman/Worker.php(2380): Workerman\Events\Select->loop()
#6 /home/www/guangzhou/kefu_vendor/workerman/gateway-worker/src/BusinessWorker.php(197): Workerman\Worker->run()
#7 /home/www/guangzhou/kefu_vendor/workerman/workerman/Worker.php(1488): GatewayWorker\BusinessWorker->run()
#8 /home/www/guangzhou/kefu_vendor/workerman/workerman/Worker.php(1318): Workerman\Worker::forkOneWorkerForLinux(Object(GatewayWorker\BusinessWorker))
#9 /home/www/guangzhou/kefu_vendor/workerman/workerman/Worker.php(1292): Workerman\Worker::forkWorkersForLinux()
#10 /home/www/guangzhou/kefu_vendor/workerman/workerman/Worker.php(509): Workerman\Worker::forkWorkers()
#11 /home/www/guangzhou/kefu/console/modules/guest/controllers/ServerController.php(50): Workerman\Worker::runAll()
#12 [internal function]: console\modules\guest\controllers\ServerController->actionRunAll('start')
#13 /home/www/guangzhou/kefu_vendor/yiisoft/yii2/base/InlineAction.php(57): call_user_func_array(Array, Array)
#14 /home/www/guangzhou/kefu_vendor/yiisoft/yii2/base/Controller.php(157): yii\base\InlineAction->runWithParams(Array)
#15 /home/www/guangzhou/kefu_vendor/yiisoft/yii2/console/Controller.php(148): yii\base\Controller->runAction('run-all', Array)
#16 /home/www/guangzhou/kefu_vendor/yiisoft/yii2/base/Module.php(528): yii\console\Controller->runAction('run-all', Array)
#17 /home/www/guangzhou/kefu_vendor/yiisoft/yii2/console/Application.php(180): yii\base\Module->runAction('guest/server/ru...', Array)
#18 /home/www/guangzhou/kefu_vendor/yiisoft/yii2/console/Application.php(147): yii\console\Application->runAction('guest/server/ru...', Array)
#19 /home/www/guangzhou/kefu_vendor/yiisoft/yii2/base/Application.php(386): yii\console\Application->handleRequest(Object(yii\console\Request))
#20 /home/www/guangzhou/kefu/yii(23): yii\base\Application->run()
#21 {main}

Next Error: Unsupported operand types in /home/www/guangzhou/kefu/console/services/GuestBusiHanlderService.php:45
Stack trace:
#0 [internal function]: console\services\GuestBusiHanlderService::onMessage('7f0000010fa3000...', '{"cmd":"guest_i...')
#1 /home/www/guangzhou/kefu_vendor/workerman/gateway-worker/src/BusinessWorker.php(403): call_user_func('console\\service...', '7f0000010fa3000...', '"{\\"cmd\\":\\"gue...')
#2 /home/www/guangzhou/kefu_vendor/workerman/workerman/Connection/TcpConnection.php(658): GatewayWorker\BusinessWorker->onGatewayMessage(Object(Workerman\Connection\AsyncTcpConnection), Array)
#3 /home/www/guangzhou/kefu_vendor/workerman/workerman/Events/Select.php(294): Workerman\Connection\TcpConnection->baseRead(Resource id #163)
#4 /home/www/guangzhou/kefu_vendor/workerman/workerman/Worker.php(2380): Workerman\Events\Select->loop()
#5 /home/www/guangzhou/kefu_vendor/workerman/gateway-worker/src/BusinessWorker.php(197): Workerman\Worker->run()
#6 /home/www/guangzhou/kefu_vendor/workerman/workerman/Worker.php(1488): GatewayWorker\BusinessWorker->run()
#7 /home/www/guangzhou/kefu_vendor/workerman/workerman/Worker.php(1318): Workerman\Worker::forkOneWorkerForLinux(Object(GatewayWorker\BusinessWorker))
#8 /home/www/guangzhou/kefu_vendor/workerman/workerman/Worker.php(1292): Workerman\Worker::forkWorkersForLinux()
#9 /home/www/guangzhou/kefu_vendor/workerman/workerman/Worker.php(509): Workerman\Worker::forkWorkers()
#10 /home/www/guangzhou/kefu/console/modules/guest/controllers/ServerController.php(50): Workerman\Worker::runAll()
#11 [internal function]: console\modules\guest\controllers\ServerController->actionRunAll('start')
#12 /home/www/guangzhou/kefu_vendor/yiisoft/yii2/base/InlineAction.php(57): call_user_func_array(Array, Array)
#13 /home/www/guangzhou/kefu_vendor/yiisoft/yii2/base/Controller.php(157): yii\base\InlineAction->runWithParams(Array)
#14 /home/www/guangzhou/kefu_vendor/yiisoft/yii2/console/Controller.php(148): yii\base\Controller->runAction('run-all', Array)
#15 /home/www/guangzhou/kefu_vendor/yiisoft/yii2/base/Module.php(528): yii\console\Controller->runAction('run-all', Array)
#16 /home/www/guangzhou/kefu_vendor/yiisoft/yii2/console/Application.php(180): yii\base\Module->runAction('guest/server/ru...', Array)
#17 /home/www/guangzhou/kefu_vendor/yiisoft/yii2/console/Application.php(147): yii\console\Application->runAction('guest/server/ru...', Array)
#18 /home/www/guangzhou/kefu_vendor/yiisoft/yii2/base/Application.php(386): yii\console\Application->handleRequest(Object(yii\console\Request))
#19 /home/www/guangzhou/kefu/yii(23): yii\base\Application->run()
#20 {main}
2019-12-13 08:27:40 pid:17765 Worker[17765] process terminated
2019-12-13 08:27:40 pid:17755 worker[guest_busworker:17765] exit with status 64000
2019-12-13 08:28:56 pid:17755 Workerman[yii] stopping ...
2019-12-13 08:28:56 pid:17755 Workerman[yii] has been stopped
2019-12-13 08:28:56 pid:17780 Workerman[guestserverrunall_start_file] start in DEBUG mode
2019-12-13 08:28:58 pid:17789 yii\base\ErrorException: A non-numeric value encountered in /home/www/guangzhou/kefu/console/services/GuestBusiHanlderService.php:46
Stack trace:
#0 /home/www/guangzhou/kefu/console/services/GuestBusiHanlderService.php(46): yii\base\ErrorHandler->handleError(2, 'A non-numeric v...', '/home/www/guang...', 46, Array)
#1 [internal function]: console\services\GuestBusiHanlderService::onMessage('7f0000010fa0000...', '{"cmd":"guest_i...')
#2 /home/www/guangzhou/kefu_vendor/workerman/gateway-worker/src/BusinessWorker.php(403): call_user_func('console\\service...', '7f0000010fa0000...', '"{\\"cmd\\":\\"gue...')
#3 /home/www/guangzhou/kefu_vendor/workerman/workerman/Connection/TcpConnection.php(658): GatewayWorker\BusinessWorker->onGatewayMessage(Object(Workerman\Connection\AsyncTcpConnection), Array)
#4 /home/www/guangzhou/kefu_vendor/workerman/workerman/Events/Select.php(294): Workerman\Connection\TcpConnection->baseRead(Resource id #161)
#5 /home/www/guangzhou/kefu_vendor/workerman/workerman/Worker.php(2380): Workerman\Events\Select->loop()
#6 /home/www/guangzhou/kefu_vendor/workerman/gateway-worker/src/BusinessWorker.php(197): Workerman\Worker->run()
#7 /home/www/guangzhou/kefu_vendor/workerman/workerman/Worker.php(1488): GatewayWorker\BusinessWorker->run()
#8 /home/www/guangzhou/kefu_vendor/workerman/workerman/Worker.php(1318): Workerman\Worker::forkOneWorkerForLinux(Object(GatewayWorker\BusinessWorker))
#9 /home/www/guangzhou/kefu_vendor/workerman/workerman/Worker.php(1292): Workerman\Worker::forkWorkersForLinux()
#10 /home/www/guangzhou/kefu_vendor/workerman/workerman/Worker.php(509): Workerman\Worker::forkWorkers()
#11 /home/www/guangzhou/kefu/console/modules/guest/controllers/ServerController.php(50): Workerman\Worker::runAll()
#12 [internal function]: console\modules\guest\controllers\ServerController->actionRunAll('start')
#13 /home/www/guangzhou/kefu_vendor/yiisoft/yii2/base/InlineAction.php(57): call_user_func_array(Array, Array)
#14 /home/www/guangzhou/kefu_vendor/yiisoft/yii2/base/Controller.php(157): yii\base\InlineAction->runWithParams(Array)
#15 /home/www/guangzhou/kefu_vendor/yiisoft/yii2/console/Controller.php(148): yii\base\Controller->runAction('run-all', Array)
#16 /home/www/guangzhou/kefu_vendor/yiisoft/yii2/base/Module.php(528): yii\console\Controller->runAction('run-all', Array)
#17 /home/www/guangzhou/kefu_vendor/yiisoft/yii2/console/Application.php(180): yii\base\Module->runAction('guest/server/ru...', Array)
#18 /home/www/guangzhou/kefu_vendor/yiisoft/yii2/console/Application.php(147): yii\console\Application->runAction('guest/server/ru...', Array)
#19 /home/www/guangzhou/kefu_vendor/yiisoft/yii2/base/Application.php(386): yii\console\Application->handleRequest(Object(yii\console\Request))
#20 /home/www/guangzhou/kefu/yii(23): yii\base\Application->run()
#21 {main}

Next Error: Unsupported operand types in /home/www/guangzhou/kefu/console/services/GuestBusiHanlderService.php:46
Stack trace:
#0 [internal function]: console\services\GuestBusiHanlderService::onMessage('7f0000010fa0000...', '{"cmd":"guest_i...')
#1 /home/www/guangzhou/kefu_vendor/workerman/gateway-worker/src/BusinessWorker.php(403): call_user_func('console\\service...', '7f0000010fa0000...', '"{\\"cmd\\":\\"gue...')
#2 /home/www/guangzhou/kefu_vendor/workerman/workerman/Connection/TcpConnection.php(658): GatewayWorker\BusinessWorker->onGatewayMessage(Object(Workerman\Connection\AsyncTcpConnection), Array)
#3 /home/www/guangzhou/kefu_vendor/workerman/workerman/Events/Select.php(294): Workerman\Connection\TcpConnection->baseRead(Resource id #161)
#4 /home/www/guangzhou/kefu_vendor/workerman/workerman/Worker.php(2380): Workerman\Events\Select->loop()
#5 /home/www/guangzhou/kefu_vendor/workerman/gateway-worker/src/BusinessWorker.php(197): Workerman\Worker->run()
#6 /home/www/guangzhou/kefu_vendor/workerman/workerman/Worker.php(1488): GatewayWorker\BusinessWorker->run()
#7 /home/www/guangzhou/kefu_vendor/workerman/workerman/Worker.php(1318): Workerman\Worker::forkOneWorkerForLinux(Object(GatewayWorker\BusinessWorker))
#8 /home/www/guangzhou/kefu_vendor/workerman/workerman/Worker.php(1292): Workerman\Worker::forkWorkersForLinux()
#9 /home/www/guangzhou/kefu_vendor/workerman/workerman/Worker.php(509): Workerman\Worker::forkWorkers()
#10 /home/www/guangzhou/kefu/console/modules/guest/controllers/ServerController.php(50): Workerman\Worker::runAll()
#11 [internal function]: console\modules\guest\controllers\ServerController->actionRunAll('start')
#12 /home/www/guangzhou/kefu_vendor/yiisoft/yii2/base/InlineAction.php(57): call_user_func_array(Array, Array)
#13 /home/www/guangzhou/kefu_vendor/yiisoft/yii2/base/Controller.php(157): yii\base\InlineAction->runWithParams(Array)
#14 /home/www/guangzhou/kefu_vendor/yiisoft/yii2/console/Controller.php(148): yii\base\Controller->runAction('run-all', Array)
#15 /home/www/guangzhou/kefu_vendor/yiisoft/yii2/base/Module.php(528): yii\console\Controller->runAction('run-all', Array)
#16 /home/www/guangzhou/kefu_vendor/yiisoft/yii2/console/Application.php(180): yii\base\Module->runAction('guest/server/ru...', Array)
#17 /home/www/guangzhou/kefu_vendor/yiisoft/yii2/console/Application.php(147): yii\console\Application->runAction('guest/server/ru...', Array)
#18 /home/www/guangzhou/kefu_vendor/yiisoft/yii2/base/Application.php(386): yii\console\Application->handleRequest(Object(yii\console\Request))
#19 /home/www/guangzhou/kefu/yii(23): yii\base\Application->run()
#20 {main}
2019-12-13 08:28:58 pid:17789 Worker[17789] process terminated
2019-12-13 08:28:58 pid:17780 worker[guest_busworker:17789] exit with status 64000
2019-12-13 08:29:33 pid:17780 Workerman[yii] stopping ...
2019-12-13 08:29:33 pid:17780 Workerman[yii] has been stopped
2019-12-13 08:29:34 pid:17805 Workerman[guestserverrunall_start_file] start in DEBUG mode
2019-12-13 15:11:58 pid:17805 Workerman[yii] stopping ...
2019-12-13 15:11:59 pid:17805 Workerman[yii] has been stopped
2019-12-13 15:12:00 pid:20038 Workerman[guestserverrunall_start_file] start in DEBUG mode
2019-12-13 15:17:47 pid:20038 Workerman[yii] stopping ...
2019-12-13 15:17:47 pid:20038 Workerman[yii] has been stopped
2019-12-13 15:17:50 pid:20066 Workerman[guestserverrunall_start_file] start in DEBUG mode
2019-12-13 15:23:07 pid:20066 Workerman[yii] stopping ...
2019-12-13 15:23:07 pid:20066 Workerman[yii] has been stopped
2019-12-13 15:23:07 pid:20090 Workerman[guestserverrunall_start_file] start in DEBUG mode
2019-12-13 15:35:20 pid:20090 Workerman[yii] stopping ...
2019-12-13 15:35:20 pid:20090 Workerman[yii] has been stopped
2019-12-13 15:35:21 pid:20117 Workerman[guestserverrunall_start_file] start in DEBUG mode
2019-12-13 15:35:28 pid:20117 Workerman[yii] stopping ...
2019-12-13 15:35:28 pid:20117 Workerman[yii] has been stopped
2019-12-14 01:17:04 pid:21862 Workerman[guestserverrunall_start_file] start in DEBUG mode
2019-12-14 01:18:22 pid:13393 Workerman[yii] stopping ...
2019-12-14 01:18:22 pid:13393 Workerman[yii] has been stopped
2019-12-14 01:18:24 pid:21950 Workerman[csserverrunall_start_file] start in DEBUG mode
2019-12-14 01:21:27 pid:21950 Workerman[yii] stopping ...
2019-12-14 01:21:27 pid:21950 Workerman[yii] has been stopped
2019-12-14 01:21:27 pid:21974 Workerman[csserverrunall_start_file] start in DEBUG mode
2019-12-14 01:22:20 pid:21974 Workerman[yii] stopping ...
2019-12-14 01:22:20 pid:21974 Workerman[yii] has been stopped
2019-12-14 01:22:22 pid:22039 Workerman[csserverrunall_start_file] start in DEBUG mode
2019-12-14 01:22:30 pid:22045 yii\base\ErrorException: stream_socket_client(): unable to connect to tcp://127.0.0.1:1236 (Connection refused) in /home/www/guangzhou/kefu_vendor/workerman/gateway-worker/src/Lib/Gateway.php:1317
Stack trace:
#0 [internal function]: yii\base\ErrorHandler->handleError(2, 'stream_socket_c...', '/home/www/guang...', 1317, Array)
#1 /home/www/guangzhou/kefu_vendor/workerman/gateway-worker/src/Lib/Gateway.php(1317): stream_socket_client('tcp://127.0.0.1...', 111, 'Connection refu...', 3)
#2 /home/www/guangzhou/kefu_vendor/workerman/gateway-worker/src/Lib/Gateway.php(735): GatewayWorker\Lib\Gateway::getAllGatewayAddressesFromRegister()
#3 /home/www/guangzhou/kefu_vendor/workerman/gateway-worker/src/Lib/Gateway.php(710): GatewayWorker\Lib\Gateway::getAllGatewayAddress()
#4 /home/www/guangzhou/kefu_vendor/workerman/gateway-worker/src/Lib/Gateway.php(392): GatewayWorker\Lib\Gateway::getBufferFromAllGateway(Array)
#5 /home/www/guangzhou/kefu/console/services/GateWayWorkerService.php(68): GatewayWorker\Lib\Gateway::getClientIdByUid('caztvgds')
#6 /home/www/guangzhou/kefu_vendor/workerman/workerman/Connection/TcpConnection.php(658): console\services\GateWayWorkerService::console\services\{closure}(Object(Workerman\Connection\TcpConnection), '{"cmd":"chat","...')
#7 /home/www/guangzhou/kefu_vendor/workerman/workerman/Events/Select.php(294): Workerman\Connection\TcpConnection->baseRead(Resource id #154)
#8 /home/www/guangzhou/kefu_vendor/workerman/workerman/Worker.php(2380): Workerman\Events\Select->loop()
#9 /home/www/guangzhou/kefu_vendor/workerman/workerman/Worker.php(1488): Workerman\Worker->run()
#10 /home/www/guangzhou/kefu_vendor/workerman/workerman/Worker.php(1318): Workerman\Worker::forkOneWorkerForLinux(Object(Workerman\Worker))
#11 /home/www/guangzhou/kefu_vendor/workerman/workerman/Worker.php(1292): Workerman\Worker::forkWorkersForLinux()
#12 /home/www/guangzhou/kefu_vendor/workerman/workerman/Worker.php(509): Workerman\Worker::forkWorkers()
#13 /home/www/guangzhou/kefu/console/modules/cs/controllers/ServerController.php(50): Workerman\Worker::runAll()
#14 [internal function]: console\modules\cs\controllers\ServerController->actionRunAll('start')
#15 /home/www/guangzhou/kefu_vendor/yiisoft/yii2/base/InlineAction.php(57): call_user_func_array(Array, Array)
#16 /home/www/guangzhou/kefu_vendor/yiisoft/yii2/base/Controller.php(157): yii\base\InlineAction->runWithParams(Array)
#17 /home/www/guangzhou/kefu_vendor/yiisoft/yii2/console/Controller.php(148): yii\base\Controller->runAction('run-all', Array)
#18 /home/www/guangzhou/kefu_vendor/yiisoft/yii2/base/Module.php(528): yii\console\Controller->runAction('run-all', Array)
#19 /home/www/guangzhou/kefu_vendor/yiisoft/yii2/console/Application.php(180): yii\base\Module->runAction('cs/server/run-a...', Array)
#20 /home/www/guangzhou/kefu_vendor/yiisoft/yii2/console/Application.php(147): yii\console\Application->runAction('cs/server/run-a...', Array)
#21 /home/www/guangzhou/kefu_vendor/yiisoft/yii2/base/Application.php(386): yii\console\Application->handleRequest(Object(yii\console\Request))
#22 /home/www/guangzhou/kefu/yii(23): yii\base\Application->run()
#23 {main}
2019-12-14 01:22:30 pid:22045 Worker[22045] process terminated
2019-12-14 01:22:30 pid:22039 worker[cs_transfer:22045] exit with status 64000
2019-12-14 01:28:33 pid:22039 Workerman[yii] stopping ...
2019-12-14 01:28:33 pid:22039 Workerman[yii] has been stopped
2019-12-14 01:28:33 pid:22078 Workerman[csserverrunall_start_file] start in DEBUG mode
2019-12-14 01:28:50 pid:22084 yii\base\ErrorException: stream_socket_client(): unable to connect to tcp://127.0.0.1:1236 (Connection refused) in /home/www/guangzhou/kefu_vendor/workerman/gateway-worker/src/Lib/Gateway.php:1317
Stack trace:
#0 [internal function]: yii\base\ErrorHandler->handleError(2, 'stream_socket_c...', '/home/www/guang...', 1317, Array)
#1 /home/www/guangzhou/kefu_vendor/workerman/gateway-worker/src/Lib/Gateway.php(1317): stream_socket_client('tcp://127.0.0.1...', 111, 'Connection refu...', 3)
#2 /home/www/guangzhou/kefu_vendor/workerman/gateway-worker/src/Lib/Gateway.php(735): GatewayWorker\Lib\Gateway::getAllGatewayAddressesFromRegister()
#3 /home/www/guangzhou/kefu_vendor/workerman/gateway-worker/src/Lib/Gateway.php(710): GatewayWorker\Lib\Gateway::getAllGatewayAddress()
#4 /home/www/guangzhou/kefu_vendor/workerman/gateway-worker/src/Lib/Gateway.php(392): GatewayWorker\Lib\Gateway::getBufferFromAllGateway(Array)
#5 /home/www/guangzhou/kefu/console/services/GateWayWorkerService.php(69): GatewayWorker\Lib\Gateway::getClientIdByUid('caztvgds')
#6 /home/www/guangzhou/kefu_vendor/workerman/workerman/Connection/TcpConnection.php(658): console\services\GateWayWorkerService::console\services\{closure}(Object(Workerman\Connection\TcpConnection), '{"cmd":"chat","...')
#7 /home/www/guangzhou/kefu_vendor/workerman/workerman/Events/Select.php(294): Workerman\Connection\TcpConnection->baseRead(Resource id #154)
#8 /home/www/guangzhou/kefu_vendor/workerman/workerman/Worker.php(2380): Workerman\Events\Select->loop()
#9 /home/www/guangzhou/kefu_vendor/workerman/workerman/Worker.php(1488): Workerman\Worker->run()
#10 /home/www/guangzhou/kefu_vendor/workerman/workerman/Worker.php(1318): Workerman\Worker::forkOneWorkerForLinux(Object(Workerman\Worker))
#11 /home/www/guangzhou/kefu_vendor/workerman/workerman/Worker.php(1292): Workerman\Worker::forkWorkersForLinux()
#12 /home/www/guangzhou/kefu_vendor/workerman/workerman/Worker.php(509): Workerman\Worker::forkWorkers()
#13 /home/www/guangzhou/kefu/console/modules/cs/controllers/ServerController.php(50): Workerman\Worker::runAll()
#14 [internal function]: console\modules\cs\controllers\ServerController->actionRunAll('start')
#15 /home/www/guangzhou/kefu_vendor/yiisoft/yii2/base/InlineAction.php(57): call_user_func_array(Array, Array)
#16 /home/www/guangzhou/kefu_vendor/yiisoft/yii2/base/Controller.php(157): yii\base\InlineAction->runWithParams(Array)
#17 /home/www/guangzhou/kefu_vendor/yiisoft/yii2/console/Controller.php(148): yii\base\Controller->runAction('run-all', Array)
#18 /home/www/guangzhou/kefu_vendor/yiisoft/yii2/base/Module.php(528): yii\console\Controller->runAction('run-all', Array)
#19 /home/www/guangzhou/kefu_vendor/yiisoft/yii2/console/Application.php(180): yii\base\Module->runAction('cs/server/run-a...', Array)
#20 /home/www/guangzhou/kefu_vendor/yiisoft/yii2/console/Application.php(147): yii\console\Application->runAction('cs/server/run-a...', Array)
#21 /home/www/guangzhou/kefu_vendor/yiisoft/yii2/base/Application.php(386): yii\console\Application->handleRequest(Object(yii\console\Request))
#22 /home/www/guangzhou/kefu/yii(23): yii\base\Application->run()
#23 {main}
2019-12-14 01:28:50 pid:22084 Worker[22084] process terminated
2019-12-14 01:28:50 pid:22078 worker[cs_transfer:22084] exit with status 64000
2019-12-14 01:35:20 pid:22078 Workerman[yii] stopping ...
2019-12-14 01:35:20 pid:22078 Workerman[yii] has been stopped
2019-12-14 01:35:21 pid:22120 Workerman[csserverrunall_start_file] start in DEBUG mode
2019-12-14 01:35:41 pid:22130 Error: Call to undefined method GatewayWorker\Gateway::getClientIdByUid() in /home/www/guangzhou/kefu/console/services/GateWayWorkerService.php:102
Stack trace:
#0 /home/www/guangzhou/kefu_vendor/workerman/workerman/Connection/TcpConnection.php(658): console\services\GateWayWorkerService::console\services\{closure}(Object(Workerman\Connection\TcpConnection), '{"cmd":"chat","...')
#1 /home/www/guangzhou/kefu_vendor/workerman/workerman/Events/Select.php(294): Workerman\Connection\TcpConnection->baseRead(Resource id #154)
#2 /home/www/guangzhou/kefu_vendor/workerman/workerman/Worker.php(2380): Workerman\Events\Select->loop()
#3 /home/www/guangzhou/kefu_vendor/workerman/workerman/Worker.php(1488): Workerman\Worker->run()
#4 /home/www/guangzhou/kefu_vendor/workerman/workerman/Worker.php(1318): Workerman\Worker::forkOneWorkerForLinux(Object(Workerman\Worker))
#5 /home/www/guangzhou/kefu_vendor/workerman/workerman/Worker.php(1292): Workerman\Worker::forkWorkersForLinux()
#6 /home/www/guangzhou/kefu_vendor/workerman/workerman/Worker.php(509): Workerman\Worker::forkWorkers()
#7 /home/www/guangzhou/kefu/console/modules/cs/controllers/ServerController.php(50): Workerman\Worker::runAll()
#8 [internal function]: console\modules\cs\controllers\ServerController->actionRunAll('start')
#9 /home/www/guangzhou/kefu_vendor/yiisoft/yii2/base/InlineAction.php(57): call_user_func_array(Array, Array)
#10 /home/www/guangzhou/kefu_vendor/yiisoft/yii2/base/Controller.php(157): yii\base\InlineAction->runWithParams(Array)
#11 /home/www/guangzhou/kefu_vendor/yiisoft/yii2/console/Controller.php(148): yii\base\Controller->runAction('run-all', Array)
#12 /home/www/guangzhou/kefu_vendor/yiisoft/yii2/base/Module.php(528): yii\console\Controller->runAction('run-all', Array)
#13 /home/www/guangzhou/kefu_vendor/yiisoft/yii2/console/Application.php(180): yii\base\Module->runAction('cs/server/run-a...', Array)
#14 /home/www/guangzhou/kefu_vendor/yiisoft/yii2/console/Application.php(147): yii\console\Application->runAction('cs/server/run-a...', Array)
#15 /home/www/guangzhou/kefu_vendor/yiisoft/yii2/base/Application.php(386): yii\console\Application->handleRequest(Object(yii\console\Request))
#16 /home/www/guangzhou/kefu/yii(23): yii\base\Application->run()
#17 {main}
2019-12-14 01:35:41 pid:22130 Worker[22130] process terminated
2019-12-14 01:35:41 pid:22120 worker[cs_transfer:22130] exit with status 64000
2019-12-14 01:36:12 pid:22120 Workerman[yii] stopping ...
2019-12-14 01:36:12 pid:22120 Workerman[yii] has been stopped
2019-12-14 01:36:13 pid:22159 Workerman[csserverrunall_start_file] start in DEBUG mode
2019-12-14 01:36:38 pid:22169 yii\base\ErrorException: stream_socket_client(): unable to connect to tcp://127.0.0.1:1236 (Connection refused) in /home/www/guangzhou/kefu_vendor/workerman/gateway-worker/src/Lib/Gateway.php:1317
Stack trace:
#0 [internal function]: yii\base\ErrorHandler->handleError(2, 'stream_socket_c...', '/home/www/guang...', 1317, Array)
#1 /home/www/guangzhou/kefu_vendor/workerman/gateway-worker/src/Lib/Gateway.php(1317): stream_socket_client('tcp://127.0.0.1...', 111, 'Connection refu...', 3)
#2 /home/www/guangzhou/kefu_vendor/workerman/gateway-worker/src/Lib/Gateway.php(735): GatewayWorker\Lib\Gateway::getAllGatewayAddressesFromRegister()
#3 /home/www/guangzhou/kefu_vendor/workerman/gateway-worker/src/Lib/Gateway.php(710): GatewayWorker\Lib\Gateway::getAllGatewayAddress()
#4 /home/www/guangzhou/kefu_vendor/workerman/gateway-worker/src/Lib/Gateway.php(392): GatewayWorker\Lib\Gateway::getBufferFromAllGateway(Array)
#5 /home/www/guangzhou/kefu/console/services/GateWayWorkerService.php(102): GatewayWorker\Lib\Gateway::getClientIdByUid('caztvgds')
#6 /home/www/guangzhou/kefu_vendor/workerman/workerman/Connection/TcpConnection.php(658): console\services\GateWayWorkerService::console\services\{closure}(Object(Workerman\Connection\TcpConnection), '{"cmd":"chat","...')
#7 /home/www/guangzhou/kefu_vendor/workerman/workerman/Events/Select.php(294): Workerman\Connection\TcpConnection->baseRead(Resource id #154)
#8 /home/www/guangzhou/kefu_vendor/workerman/workerman/Worker.php(2380): Workerman\Events\Select->loop()
#9 /home/www/guangzhou/kefu_vendor/workerman/workerman/Worker.php(1488): Workerman\Worker->run()
#10 /home/www/guangzhou/kefu_vendor/workerman/workerman/Worker.php(1318): Workerman\Worker::forkOneWorkerForLinux(Object(Workerman\Worker))
#11 /home/www/guangzhou/kefu_vendor/workerman/workerman/Worker.php(1292): Workerman\Worker::forkWorkersForLinux()
#12 /home/www/guangzhou/kefu_vendor/workerman/workerman/Worker.php(509): Workerman\Worker::forkWorkers()
#13 /home/www/guangzhou/kefu/console/modules/cs/controllers/ServerController.php(50): Workerman\Worker::runAll()
#14 [internal function]: console\modules\cs\controllers\ServerController->actionRunAll('start')
#15 /home/www/guangzhou/kefu_vendor/yiisoft/yii2/base/InlineAction.php(57): call_user_func_array(Array, Array)
#16 /home/www/guangzhou/kefu_vendor/yiisoft/yii2/base/Controller.php(157): yii\base\InlineAction->runWithParams(Array)
#17 /home/www/guangzhou/kefu_vendor/yiisoft/yii2/console/Controller.php(148): yii\base\Controller->runAction('run-all', Array)
#18 /home/www/guangzhou/kefu_vendor/yiisoft/yii2/base/Module.php(528): yii\console\Controller->runAction('run-all', Array)
#19 /home/www/guangzhou/kefu_vendor/yiisoft/yii2/console/Application.php(180): yii\base\Module->runAction('cs/server/run-a...', Array)
#20 /home/www/guangzhou/kefu_vendor/yiisoft/yii2/console/Application.php(147): yii\console\Application->runAction('cs/server/run-a...', Array)
#21 /home/www/guangzhou/kefu_vendor/yiisoft/yii2/base/Application.php(386): yii\console\Application->handleRequest(Object(yii\console\Request))
#22 /home/www/guangzhou/kefu/yii(23): yii\base\Application->run()
#23 {main}
2019-12-14 01:36:38 pid:22169 Worker[22169] process terminated
2019-12-14 01:36:38 pid:22159 worker[cs_transfer:22169] exit with status 64000
2019-12-14 01:42:16 pid:22159 Workerman[yii] stopping ...
2019-12-14 01:42:16 pid:22159 Workerman[yii] has been stopped
2019-12-14 01:42:17 pid:22269 Workerman[csserverrunall_start_file] start in DEBUG mode
2019-12-14 01:42:26 pid:22269 Workerman[yii] stopping ...
2019-12-14 01:42:26 pid:22269 Workerman[yii] has been stopped
2019-12-14 01:42:50 pid:22292 Workerman[csserverrunall_start_file] start in DEBUG mode
2019-12-14 01:42:55 pid:22292 Workerman[yii] stopping ...
2019-12-14 01:42:55 pid:22292 Workerman[yii] has been stopped
2019-12-14 01:42:59 pid:22315 Workerman[csserverrunall_start_file] start in DEBUG mode
2019-12-14 01:43:40 pid:22315 Workerman[yii] stopping ...
2019-12-14 01:43:40 pid:22315 Workerman[yii] has been stopped
2019-12-14 01:43:41 pid:22338 Workerman[csserverrunall_start_file] start in DEBUG mode
2019-12-14 01:46:09 pid:22338 Workerman[yii] stopping ...
2019-12-14 01:46:09 pid:22338 Workerman[yii] has been stopped
2019-12-14 01:46:10 pid:22361 Workerman[csserverrunall_start_file] start in DEBUG mode
2019-12-14 01:46:23 pid:22361 Workerman[yii] stopping ...
2019-12-14 01:46:23 pid:22361 Workerman[yii] has been stopped
2019-12-14 01:46:24 pid:22384 Workerman[csserverrunall_start_file] start in DEBUG mode
2019-12-14 01:47:14 pid:22384 Workerman[yii] stopping ...
2019-12-14 01:47:14 pid:22384 Workerman[yii] has been stopped
2019-12-14 01:47:24 pid:22407 Workerman[csserverrunall_start_file] start in DEBUG mode
2019-12-14 01:47:30 pid:22407 Workerman[yii] stopping ...
2019-12-14 01:47:30 pid:22407 Workerman[yii] has been stopped
2019-12-14 01:47:31 pid:22430 Workerman[csserverrunall_start_file] start in DEBUG mode
2019-12-14 01:48:22 pid:22430 Workerman[yii] stopping ...
2019-12-14 01:48:22 pid:22430 Workerman[yii] has been stopped
2019-12-14 01:48:23 pid:22454 Workerman[csserverrunall_start_file] start in DEBUG mode
2019-12-14 01:49:12 pid:22454 Workerman[yii] stopping ...
2019-12-14 01:49:12 pid:22454 Workerman[yii] has been stopped
2019-12-14 01:49:13 pid:22477 Workerman[csserverrunall_start_file] start in DEBUG mode
2019-12-14 01:50:13 pid:22477 Workerman[yii] stopping ...
2019-12-14 01:50:13 pid:22477 Workerman[yii] has been stopped
2019-12-14 01:50:13 pid:22545 Workerman[csserverrunall_start_file] start in DEBUG mode
2019-12-14 01:50:28 pid:22545 Workerman[yii] stopping ...
2019-12-14 01:50:28 pid:22545 Workerman[yii] has been stopped
2019-12-14 01:50:29 pid:22568 Workerman[csserverrunall_start_file] start in DEBUG mode
2019-12-14 01:51:00 pid:22568 Workerman[yii] stopping ...
2019-12-14 01:51:01 pid:22568 Workerman[yii] has been stopped
2019-12-14 01:51:01 pid:22636 Workerman[csserverrunall_start_file] start in DEBUG mode
2019-12-14 01:52:55 pid:22636 Workerman[yii] stopping ...
2019-12-14 01:52:55 pid:22636 Workerman[yii] has been stopped
2019-12-14 01:52:56 pid:22705 Workerman[csserverrunall_start_file] start in DEBUG mode
2019-12-14 01:52:56 pid:22711 Workerman[csserverrunall_start_file] start in DEBUG mode
2019-12-14 01:52:56 pid:22711 Workerman[csserverrunall_start_file] already running
2019-12-14 01:52:56 pid:22711 Worker[22711] process terminated
2019-12-14 01:52:56 pid:22715 Workerman[csserverrunall_start_file] start in DEBUG mode
2019-12-14 01:52:56 pid:22715 Workerman[csserverrunall_start_file] already running
2019-12-14 01:52:56 pid:22715 Worker[22715] process terminated
2019-12-14 01:52:56 pid:22716 Workerman[csserverrunall_start_file] start in DEBUG mode
2019-12-14 01:52:56 pid:22716 Workerman[csserverrunall_start_file] already running
2019-12-14 01:52:56 pid:22716 Worker[22716] process terminated
2019-12-14 01:52:56 pid:22717 Workerman[csserverrunall_start_file] start in DEBUG mode
2019-12-14 01:52:56 pid:22717 Workerman[csserverrunall_start_file] already running
2019-12-14 01:52:56 pid:22717 Worker[22717] process terminated
2019-12-14 01:52:56 pid:22718 Workerman[csserverrunall_start_file] start in DEBUG mode
2019-12-14 01:52:56 pid:22718 Workerman[csserverrunall_start_file] already running
2019-12-14 01:52:56 pid:22718 Worker[22718] process terminated
2019-12-14 01:52:56 pid:22719 Workerman[csserverrunall_start_file] start in DEBUG mode
2019-12-14 01:52:56 pid:22719 Workerman[csserverrunall_start_file] already running
2019-12-14 01:52:56 pid:22719 Worker[22719] process terminated
2019-12-14 01:52:56 pid:22720 Workerman[csserverrunall_start_file] start in DEBUG mode
2019-12-14 01:52:56 pid:22720 Workerman[csserverrunall_start_file] already running
2019-12-14 01:52:56 pid:22720 Worker[22720] process terminated
2019-12-14 01:52:56 pid:22721 Workerman[csserverrunall_start_file] start in DEBUG mode
2019-12-14 01:52:56 pid:22721 Workerman[csserverrunall_start_file] already running
2019-12-14 01:52:56 pid:22721 Worker[22721] process terminated
2019-12-14 01:52:56 pid:22722 Workerman[csserverrunall_start_file] start in DEBUG mode
2019-12-14 01:52:56 pid:22722 Workerman[csserverrunall_start_file] already running
2019-12-14 01:52:56 pid:22722 Worker[22722] process terminated
2019-12-14 01:52:56 pid:22723 Workerman[csserverrunall_start_file] start in DEBUG mode
2019-12-14 01:52:56 pid:22723 Workerman[csserverrunall_start_file] already running
2019-12-14 01:52:56 pid:22723 Worker[22723] process terminated
2019-12-14 01:52:56 pid:22724 Workerman[csserverrunall_start_file] start in DEBUG mode
2019-12-14 01:52:56 pid:22724 Workerman[csserverrunall_start_file] already running
2019-12-14 01:52:56 pid:22724 Worker[22724] process terminated
2019-12-14 01:52:56 pid:22725 Workerman[csserverrunall_start_file] start in DEBUG mode
2019-12-14 01:52:56 pid:22725 Workerman[csserverrunall_start_file] already running
2019-12-14 01:52:56 pid:22725 Worker[22725] process terminated
2019-12-14 01:52:56 pid:22726 Workerman[csserverrunall_start_file] start in DEBUG mode
2019-12-14 01:52:56 pid:22726 Workerman[csserverrunall_start_file] already running
2019-12-14 01:52:56 pid:22726 Worker[22726] process terminated
2019-12-14 01:52:56 pid:22727 Workerman[csserverrunall_start_file] start in DEBUG mode
2019-12-14 01:52:56 pid:22727 Workerman[csserverrunall_start_file] already running
2019-12-14 01:52:56 pid:22727 Worker[22727] process terminated
2019-12-14 01:52:56 pid:22728 Workerman[csserverrunall_start_file] start in DEBUG mode
2019-12-14 01:52:56 pid:22728 Workerman[csserverrunall_start_file] already running
2019-12-14 01:52:56 pid:22728 Worker[22728] process terminated
2019-12-14 01:52:56 pid:22729 Workerman[csserverrunall_start_file] start in DEBUG mode
2019-12-14 01:52:56 pid:22729 Workerman[csserverrunall_start_file] already running
2019-12-14 01:52:56 pid:22729 Worker[22729] process terminated
2019-12-14 01:52:56 pid:22730 Workerman[csserverrunall_start_file] start in DEBUG mode
2019-12-14 01:52:56 pid:22730 Workerman[csserverrunall_start_file] already running
2019-12-14 01:52:56 pid:22730 Worker[22730] process terminated
2019-12-14 01:52:56 pid:22731 Workerman[csserverrunall_start_file] start in DEBUG mode
2019-12-14 01:52:56 pid:22731 Workerman[csserverrunall_start_file] already running
2019-12-14 01:52:56 pid:22731 Worker[22731] process terminated
2019-12-14 01:52:56 pid:22732 Workerman[csserverrunall_start_file] start in DEBUG mode
2019-12-14 01:52:56 pid:22732 Workerman[csserverrunall_start_file] already running
2019-12-14 01:52:56 pid:22732 Worker[22732] process terminated
2019-12-14 01:52:56 pid:22733 Workerman[csserverrunall_start_file] start in DEBUG mode
2019-12-14 01:52:56 pid:22733 Workerman[csserverrunall_start_file] already running
2019-12-14 01:52:56 pid:22733 Worker[22733] process terminated
2019-12-14 01:52:56 pid:22734 Workerman[csserverrunall_start_file] start in DEBUG mode
2019-12-14 01:52:56 pid:22734 Workerman[csserverrunall_start_file] already running
2019-12-14 01:52:56 pid:22734 Worker[22734] process terminated
2019-12-14 01:52:56 pid:22735 Workerman[csserverrunall_start_file] start in DEBUG mode
2019-12-14 01:52:56 pid:22735 Workerman[csserverrunall_start_file] already running
2019-12-14 01:52:56 pid:22735 Worker[22735] process terminated
2019-12-14 01:52:57 pid:22736 Workerman[csserverrunall_start_file] start in DEBUG mode
2019-12-14 01:52:57 pid:22736 Workerman[csserverrunall_start_file] already running
2019-12-14 01:52:57 pid:22736 Worker[22736] process terminated
2019-12-14 01:52:57 pid:22737 Workerman[csserverrunall_start_file] start in DEBUG mode
2019-12-14 01:52:57 pid:22737 Workerman[csserverrunall_start_file] already running
2019-12-14 01:52:57 pid:22737 Worker[22737] process terminated
2019-12-14 01:52:57 pid:22738 Workerman[csserverrunall_start_file] start in DEBUG mode
2019-12-14 01:52:57 pid:22738 Workerman[csserverrunall_start_file] already running
2019-12-14 01:52:57 pid:22738 Worker[22738] process terminated
2019-12-14 01:52:57 pid:22739 Workerman[csserverrunall_start_file] start in DEBUG mode
2019-12-14 01:52:57 pid:22739 Workerman[csserverrunall_start_file] already running
2019-12-14 01:52:57 pid:22739 Worker[22739] process terminated
2019-12-14 01:52:57 pid:22740 Workerman[csserverrunall_start_file] start in DEBUG mode
2019-12-14 01:52:57 pid:22740 Workerman[csserverrunall_start_file] already running
2019-12-14 01:52:57 pid:22740 Worker[22740] process terminated
2019-12-14 01:52:57 pid:22741 Workerman[csserverrunall_start_file] start in DEBUG mode
2019-12-14 01:52:57 pid:22741 Workerman[csserverrunall_start_file] already running
2019-12-14 01:52:57 pid:22741 Worker[22741] process terminated
2019-12-14 01:52:57 pid:22742 Workerman[csserverrunall_start_file] start in DEBUG mode
2019-12-14 01:52:57 pid:22742 Workerman[csserverrunall_start_file] already running
2019-12-14 01:52:57 pid:22742 Worker[22742] process terminated
2019-12-14 01:52:57 pid:22743 Workerman[csserverrunall_start_file] start in DEBUG mode
2019-12-14 01:52:57 pid:22743 Workerman[csserverrunall_start_file] already running
2019-12-14 01:52:57 pid:22743 Worker[22743] process terminated
2019-12-14 01:52:57 pid:22744 Workerman[csserverrunall_start_file] start in DEBUG mode
2019-12-14 01:52:57 pid:22744 Workerman[csserverrunall_start_file] already running
2019-12-14 01:52:57 pid:22744 Worker[22744] process terminated
2019-12-14 01:52:57 pid:22745 Workerman[csserverrunall_start_file] start in DEBUG mode
2019-12-14 01:52:57 pid:22745 Workerman[csserverrunall_start_file] already running
2019-12-14 01:52:57 pid:22745 Worker[22745] process terminated
2019-12-14 01:52:57 pid:22746 Workerman[csserverrunall_start_file] start in DEBUG mode
2019-12-14 01:52:57 pid:22746 Workerman[csserverrunall_start_file] already running
2019-12-14 01:52:57 pid:22746 Worker[22746] process terminated
2019-12-14 01:52:57 pid:22747 Workerman[csserverrunall_start_file] start in DEBUG mode
2019-12-14 01:52:57 pid:22747 Workerman[csserverrunall_start_file] already running
2019-12-14 01:52:57 pid:22747 Worker[22747] process terminated
2019-12-14 01:52:57 pid:22748 Workerman[csserverrunall_start_file] start in DEBUG mode
2019-12-14 01:52:57 pid:22748 Workerman[csserverrunall_start_file] already running
2019-12-14 01:52:57 pid:22748 Worker[22748] process terminated
2019-12-14 01:52:57 pid:22749 Workerman[csserverrunall_start_file] start in DEBUG mode
2019-12-14 01:52:57 pid:22749 Workerman[csserverrunall_start_file] already running
2019-12-14 01:52:57 pid:22749 Worker[22749] process terminated
2019-12-14 01:52:57 pid:22750 Workerman[csserverrunall_start_file] start in DEBUG mode
2019-12-14 01:52:57 pid:22750 Workerman[csserverrunall_start_file] already running
2019-12-14 01:52:57 pid:22750 Worker[22750] process terminated
2019-12-14 01:52:57 pid:22751 Workerman[csserverrunall_start_file] start in DEBUG mode
2019-12-14 01:52:57 pid:22751 Workerman[csserverrunall_start_file] already running
2019-12-14 01:52:57 pid:22751 Worker[22751] process terminated
2019-12-14 01:52:57 pid:22752 Workerman[csserverrunall_start_file] start in DEBUG mode
2019-12-14 01:52:57 pid:22752 Workerman[csserverrunall_start_file] already running
2019-12-14 01:52:57 pid:22752 Worker[22752] process terminated
2019-12-14 01:52:57 pid:22753 Workerman[csserverrunall_start_file] start in DEBUG mode
2019-12-14 01:52:57 pid:22753 Workerman[csserverrunall_start_file] already running
2019-12-14 01:52:57 pid:22753 Worker[22753] process terminated
2019-12-14 01:52:57 pid:22754 Workerman[csserverrunall_start_file] start in DEBUG mode
2019-12-14 01:52:57 pid:22754 Workerman[csserverrunall_start_file] already running
2019-12-14 01:52:57 pid:22754 Worker[22754] process terminated
2019-12-14 01:52:57 pid:22755 Workerman[csserverrunall_start_file] start in DEBUG mode
2019-12-14 01:52:57 pid:22755 Workerman[csserverrunall_start_file] already running
2019-12-14 01:52:57 pid:22755 Worker[22755] process terminated
2019-12-14 01:52:57 pid:22756 Workerman[csserverrunall_start_file] start in DEBUG mode
2019-12-14 01:52:57 pid:22756 Workerman[csserverrunall_start_file] already running
2019-12-14 01:52:57 pid:22756 Worker[22756] process terminated
2019-12-14 01:52:57 pid:22757 Workerman[csserverrunall_start_file] start in DEBUG mode
2019-12-14 01:52:57 pid:22757 Workerman[csserverrunall_start_file] already running
2019-12-14 01:52:57 pid:22757 Worker[22757] process terminated
2019-12-14 01:52:57 pid:22758 Workerman[csserverrunall_start_file] start in DEBUG mode
2019-12-14 01:52:57 pid:22758 Workerman[csserverrunall_start_file] already running
2019-12-14 01:52:57 pid:22758 Worker[22758] process terminated
2019-12-14 01:52:57 pid:22759 Workerman[csserverrunall_start_file] start in DEBUG mode
2019-12-14 01:52:57 pid:22759 Workerman[csserverrunall_start_file] already running
2019-12-14 01:52:57 pid:22759 Worker[22759] process terminated
2019-12-14 01:52:57 pid:22760 Workerman[csserverrunall_start_file] start in DEBUG mode
2019-12-14 01:52:57 pid:22760 Workerman[csserverrunall_start_file] already running
2019-12-14 01:52:57 pid:22760 Worker[22760] process terminated
2019-12-14 01:52:57 pid:22761 Workerman[csserverrunall_start_file] start in DEBUG mode
2019-12-14 01:52:57 pid:22761 Workerman[csserverrunall_start_file] already running
2019-12-14 01:52:57 pid:22761 Worker[22761] process terminated
2019-12-14 01:52:57 pid:22762 Workerman[csserverrunall_start_file] start in DEBUG mode
2019-12-14 01:52:57 pid:22762 Workerman[csserverrunall_start_file] already running
2019-12-14 01:52:57 pid:22762 Worker[22762] process terminated
2019-12-14 01:52:57 pid:22763 Workerman[csserverrunall_start_file] start in DEBUG mode
2019-12-14 01:52:57 pid:22763 Workerman[csserverrunall_start_file] already running
2019-12-14 01:52:57 pid:22763 Worker[22763] process terminated
2019-12-14 01:52:57 pid:22764 Workerman[csserverrunall_start_file] start in DEBUG mode
2019-12-14 01:52:57 pid:22764 Workerman[csserverrunall_start_file] already running
2019-12-14 01:52:57 pid:22764 Worker[22764] process terminated
2019-12-14 01:52:57 pid:22765 Workerman[csserverrunall_start_file] start in DEBUG mode
2019-12-14 01:52:57 pid:22765 Workerman[csserverrunall_start_file] already running
2019-12-14 01:52:57 pid:22765 Worker[22765] process terminated
2019-12-14 01:52:57 pid:22766 Workerman[csserverrunall_start_file] start in DEBUG mode
2019-12-14 01:52:57 pid:22766 Workerman[csserverrunall_start_file] already running
2019-12-14 01:52:57 pid:22766 Worker[22766] process terminated
2019-12-14 01:52:57 pid:22767 Workerman[csserverrunall_start_file] start in DEBUG mode
2019-12-14 01:52:57 pid:22767 Workerman[csserverrunall_start_file] already running
2019-12-14 01:52:57 pid:22767 Worker[22767] process terminated
2019-12-14 01:52:57 pid:22768 Workerman[csserverrunall_start_file] start in DEBUG mode
2019-12-14 01:52:57 pid:22768 Workerman[csserverrunall_start_file] already running
2019-12-14 01:52:57 pid:22768 Worker[22768] process terminated
2019-12-14 01:52:57 pid:22769 Workerman[csserverrunall_start_file] start in DEBUG mode
2019-12-14 01:52:57 pid:22769 Workerman[csserverrunall_start_file] already running
2019-12-14 01:52:57 pid:22769 Worker[22769] process terminated
2019-12-14 01:52:57 pid:22770 Workerman[csserverrunall_start_file] start in DEBUG mode
2019-12-14 01:52:57 pid:22770 Workerman[csserverrunall_start_file] already running
2019-12-14 01:52:57 pid:22770 Worker[22770] process terminated
2019-12-14 01:52:57 pid:22771 Workerman[csserverrunall_start_file] start in DEBUG mode
2019-12-14 01:52:57 pid:22771 Workerman[csserverrunall_start_file] already running
2019-12-14 01:52:57 pid:22771 Worker[22771] process terminated
2019-12-14 01:52:57 pid:22772 Workerman[csserverrunall_start_file] start in DEBUG mode
2019-12-14 01:52:57 pid:22772 Workerman[csserverrunall_start_file] already running
2019-12-14 01:52:57 pid:22772 Worker[22772] process terminated
2019-12-14 01:52:57 pid:22773 Workerman[csserverrunall_start_file] start in DEBUG mode
2019-12-14 01:52:57 pid:22773 Workerman[csserverrunall_start_file] already running
2019-12-14 01:52:57 pid:22773 Worker[22773] process terminated
2019-12-14 01:52:57 pid:22774 Workerman[csserverrunall_start_file] start in DEBUG mode
2019-12-14 01:52:57 pid:22774 Workerman[csserverrunall_start_file] already running
2019-12-14 01:52:57 pid:22774 Worker[22774] process terminated
2019-12-14 01:52:57 pid:22775 Workerman[csserverrunall_start_file] start in DEBUG mode
2019-12-14 01:52:57 pid:22775 Workerman[csserverrunall_start_file] already running
2019-12-14 01:52:57 pid:22775 Worker[22775] process terminated
2019-12-14 01:52:57 pid:22776 Workerman[csserverrunall_start_file] start in DEBUG mode
2019-12-14 01:52:57 pid:22776 Workerman[csserverrunall_start_file] already running
2019-12-14 01:52:57 pid:22776 Worker[22776] process terminated
2019-12-14 01:52:57 pid:22777 Workerman[csserverrunall_start_file] start in DEBUG mode
2019-12-14 01:52:57 pid:22777 Workerman[csserverrunall_start_file] already running
2019-12-14 01:52:57 pid:22777 Worker[22777] process terminated
2019-12-14 01:52:57 pid:22778 Workerman[csserverrunall_start_file] start in DEBUG mode
2019-12-14 01:52:57 pid:22778 Workerman[csserverrunall_start_file] already running
2019-12-14 01:52:57 pid:22778 Worker[22778] process terminated
2019-12-14 01:52:57 pid:22779 Workerman[csserverrunall_start_file] start in DEBUG mode
2019-12-14 01:52:57 pid:22779 Workerman[csserverrunall_start_file] already running
2019-12-14 01:52:58 pid:22779 Worker[22779] process terminated
2019-12-14 01:52:58 pid:22780 Workerman[csserverrunall_start_file] start in DEBUG mode
2019-12-14 01:52:58 pid:22780 Workerman[csserverrunall_start_file] already running
2019-12-14 01:52:58 pid:22780 Worker[22780] process terminated
2019-12-14 01:52:58 pid:22781 Workerman[csserverrunall_start_file] start in DEBUG mode
2019-12-14 01:52:58 pid:22781 Workerman[csserverrunall_start_file] already running
2019-12-14 01:52:58 pid:22781 Worker[22781] process terminated
2019-12-14 01:52:58 pid:22782 Workerman[csserverrunall_start_file] start in DEBUG mode
2019-12-14 01:52:58 pid:22782 Workerman[csserverrunall_start_file] already running
2019-12-14 01:52:58 pid:22782 Worker[22782] process terminated
2019-12-14 01:52:58 pid:22705 Workerman[yii] stopping ...
2019-12-14 01:52:58 pid:22783 Workerman[csserverrunall_start_file] start in DEBUG mode
2019-12-14 01:52:58 pid:22783 Workerman[csserverrunall_start_file] already running
2019-12-14 01:52:58 pid:22783 Worker[22783] process terminated
2019-12-14 01:52:58 pid:22705 Workerman[yii] has been stopped
2019-12-14 01:53:49 pid:22823 Workerman[csserverrunall_start_file] start in DEBUG mode
2019-12-14 02:00:07 pid:21862 Workerman[yii] stopping ...
2019-12-14 02:00:07 pid:21862 Workerman[yii] has been stopped
2019-12-14 02:00:09 pid:22876 Workerman[guestserverrunall_start_file] start in DEBUG mode
2019-12-14 02:00:30 pid:22878 SendBufferToWorker fail. The connections between Gateway and BusinessWorker are not ready. See http://doc2.workerman.net/send-buffer-to-worker-fail.html
2019-12-14 02:00:30 pid:22878 SendBufferToWorker fail. The connections between Gateway and BusinessWorker are not ready. See http://doc2.workerman.net/send-buffer-to-worker-fail.html
2019-12-14 02:01:13 pid:22878 SendBufferToWorker fail. The connections between Gateway and BusinessWorker are not ready. See http://doc2.workerman.net/send-buffer-to-worker-fail.html
2019-12-14 02:01:14 pid:22878 SendBufferToWorker fail. The connections between Gateway and BusinessWorker are not ready. See http://doc2.workerman.net/send-buffer-to-worker-fail.html
2019-12-14 02:02:30 pid:22829 yii\base\ErrorException: Undefined offset: 0 in /home/www/guangzhou/kefu/console/services/CSBusiHanlderService.php:32
Stack trace:
#0 /home/www/guangzhou/kefu/console/services/CSBusiHanlderService.php(32): yii\base\ErrorHandler->handleError(8, 'Undefined offse...', '/home/www/guang...', 32, Array)
#1 /home/www/guangzhou/kefu_vendor/workerman/workerman/Connection/TcpConnection.php(658): console\services\CSBusiHanlderService::console\services\{closure}(Object(Workerman\Connection\TcpConnection), '{"cmd":"chat","...')
#2 /home/www/guangzhou/kefu_vendor/workerman/workerman/Events/Select.php(294): Workerman\Connection\TcpConnection->baseRead(Resource id #178)
#3 /home/www/guangzhou/kefu_vendor/workerman/workerman/Worker.php(2380): Workerman\Events\Select->loop()
#4 /home/www/guangzhou/kefu_vendor/workerman/gateway-worker/src/BusinessWorker.php(197): Workerman\Worker->run()
#5 /home/www/guangzhou/kefu_vendor/workerman/workerman/Worker.php(1488): GatewayWorker\BusinessWorker->run()
#6 /home/www/guangzhou/kefu_vendor/workerman/workerman/Worker.php(1318): Workerman\Worker::forkOneWorkerForLinux(Object(GatewayWorker\BusinessWorker))
#7 /home/www/guangzhou/kefu_vendor/workerman/workerman/Worker.php(1292): Workerman\Worker::forkWorkersForLinux()
#8 /home/www/guangzhou/kefu_vendor/workerman/workerman/Worker.php(509): Workerman\Worker::forkWorkers()
#9 /home/www/guangzhou/kefu/console/modules/cs/controllers/ServerController.php(50): Workerman\Worker::runAll()
#10 [internal function]: console\modules\cs\controllers\ServerController->actionRunAll('start')
#11 /home/www/guangzhou/kefu_vendor/yiisoft/yii2/base/InlineAction.php(57): call_user_func_array(Array, Array)
#12 /home/www/guangzhou/kefu_vendor/yiisoft/yii2/base/Controller.php(157): yii\base\InlineAction->runWithParams(Array)
#13 /home/www/guangzhou/kefu_vendor/yiisoft/yii2/console/Controller.php(148): yii\base\Controller->runAction('run-all', Array)
#14 /home/www/guangzhou/kefu_vendor/yiisoft/yii2/base/Module.php(528): yii\console\Controller->runAction('run-all', Array)
#15 /home/www/guangzhou/kefu_vendor/yiisoft/yii2/console/Application.php(180): yii\base\Module->runAction('cs/server/run-a...', Array)
#16 /home/www/guangzhou/kefu_vendor/yiisoft/yii2/console/Application.php(147): yii\console\Application->runAction('cs/server/run-a...', Array)
#17 /home/www/guangzhou/kefu_vendor/yiisoft/yii2/base/Application.php(386): yii\console\Application->handleRequest(Object(yii\console\Request))
#18 /home/www/guangzhou/kefu/yii(23): yii\base\Application->run()
#19 {main}
2019-12-14 02:02:30 pid:22829 Worker[22829] process terminated
2019-12-14 02:02:30 pid:22823 worker[cs_busworker:22829] exit with status 64000
2019-12-14 02:04:15 pid:22823 Workerman[yii] stopping ...
2019-12-14 02:04:16 pid:22823 Workerman[yii] has been stopped
2019-12-14 02:04:16 pid:22970 Workerman[csserverrunall_start_file] start in DEBUG mode
2019-12-14 02:04:31 pid:22976 yii\base\ErrorException: Undefined offset: 0 in /home/www/guangzhou/kefu/console/services/CSBusiHanlderService.php:32
Stack trace:
#0 /home/www/guangzhou/kefu/console/services/CSBusiHanlderService.php(32): yii\base\ErrorHandler->handleError(8, 'Undefined offse...', '/home/www/guang...', 32, Array)
#1 /home/www/guangzhou/kefu_vendor/workerman/workerman/Connection/TcpConnection.php(658): console\services\CSBusiHanlderService::console\services\{closure}(Object(Workerman\Connection\TcpConnection), '{"cmd":"chat","...')
#2 /home/www/guangzhou/kefu_vendor/workerman/workerman/Events/Select.php(294): Workerman\Connection\TcpConnection->baseRead(Resource id #170)
#3 /home/www/guangzhou/kefu_vendor/workerman/workerman/Worker.php(2380): Workerman\Events\Select->loop()
#4 /home/www/guangzhou/kefu_vendor/workerman/gateway-worker/src/BusinessWorker.php(197): Workerman\Worker->run()
#5 /home/www/guangzhou/kefu_vendor/workerman/workerman/Worker.php(1488): GatewayWorker\BusinessWorker->run()
#6 /home/www/guangzhou/kefu_vendor/workerman/workerman/Worker.php(1318): Workerman\Worker::forkOneWorkerForLinux(Object(GatewayWorker\BusinessWorker))
#7 /home/www/guangzhou/kefu_vendor/workerman/workerman/Worker.php(1292): Workerman\Worker::forkWorkersForLinux()
#8 /home/www/guangzhou/kefu_vendor/workerman/workerman/Worker.php(509): Workerman\Worker::forkWorkers()
#9 /home/www/guangzhou/kefu/console/modules/cs/controllers/ServerController.php(50): Workerman\Worker::runAll()
#10 [internal function]: console\modules\cs\controllers\ServerController->actionRunAll('start')
#11 /home/www/guangzhou/kefu_vendor/yiisoft/yii2/base/InlineAction.php(57): call_user_func_array(Array, Array)
#12 /home/www/guangzhou/kefu_vendor/yiisoft/yii2/base/Controller.php(157): yii\base\InlineAction->runWithParams(Array)
#13 /home/www/guangzhou/kefu_vendor/yiisoft/yii2/console/Controller.php(148): yii\base\Controller->runAction('run-all', Array)
#14 /home/www/guangzhou/kefu_vendor/yiisoft/yii2/base/Module.php(528): yii\console\Controller->runAction('run-all', Array)
#15 /home/www/guangzhou/kefu_vendor/yiisoft/yii2/console/Application.php(180): yii\base\Module->runAction('cs/server/run-a...', Array)
#16 /home/www/guangzhou/kefu_vendor/yiisoft/yii2/console/Application.php(147): yii\console\Application->runAction('cs/server/run-a...', Array)
#17 /home/www/guangzhou/kefu_vendor/yiisoft/yii2/base/Application.php(386): yii\console\Application->handleRequest(Object(yii\console\Request))
#18 /home/www/guangzhou/kefu/yii(23): yii\base\Application->run()
#19 {main}
2019-12-14 02:04:31 pid:22976 Worker[22976] process terminated
2019-12-14 02:04:31 pid:22970 worker[cs_busworker:22976] exit with status 64000
2019-12-14 02:04:49 pid:22970 Workerman[yii] stopping ...
2019-12-14 02:04:49 pid:22970 Workerman[yii] has been stopped
2019-12-14 02:04:50 pid:23022 Workerman[csserverrunall_start_file] start in DEBUG mode
2019-12-14 02:08:58 pid:23022 Workerman[yii] stopping ...
2019-12-14 02:08:58 pid:23022 Workerman[yii] has been stopped
2019-12-14 02:08:59 pid:23045 Workerman[csserverrunall_start_file] start in DEBUG mode
2019-12-14 02:10:37 pid:23045 Workerman[yii] stopping ...
2019-12-14 02:10:37 pid:23045 Workerman[yii] has been stopped
2019-12-14 02:10:38 pid:23139 Workerman[csserverrunall_start_file] start in DEBUG mode
2019-12-14 02:11:17 pid:22876 Workerman[yii] stopping ...
2019-12-14 02:11:17 pid:22876 Workerman[yii] has been stopped
2019-12-14 02:11:18 pid:23176 Workerman[guestserverrunall_start_file] start in DEBUG mode
2019-12-14 02:12:29 pid:23139 Workerman[yii] stopping ...
2019-12-14 02:12:29 pid:23139 Workerman[yii] has been stopped
2019-12-14 02:12:29 pid:23213 Workerman[csserverrunall_start_file] start in DEBUG mode
2019-12-14 02:13:26 pid:23176 Workerman[yii] stopping ...
2019-12-14 02:13:26 pid:23176 Workerman[yii] has been stopped
2019-12-14 02:13:26 pid:23268 Workerman[guestserverrunall_start_file] start in DEBUG mode
2019-12-14 02:14:29 pid:23213 Workerman[yii] stopping ...
2019-12-14 02:14:29 pid:23213 Workerman[yii] has been stopped
2019-12-14 02:14:30 pid:23291 Workerman[csserverrunall_start_file] start in DEBUG mode
2019-12-14 02:16:44 pid:23291 Workerman[yii] stopping ...
2019-12-14 02:16:44 pid:23291 Workerman[yii] has been stopped
2019-12-14 02:16:47 pid:23314 Workerman[csserverrunall_start_file] start in DEBUG mode
2019-12-14 02:17:00 pid:23268 Workerman[yii] stopping ...
2019-12-14 02:17:00 pid:23268 Workerman[yii] has been stopped
2019-12-14 02:17:03 pid:23314 Workerman[yii] stopping ...
2019-12-14 02:17:03 pid:23314 Workerman[yii] has been stopped
2019-12-14 02:17:04 pid:23353 Workerman[csserverrunall_start_file] start in DEBUG mode
2019-12-14 02:17:11 pid:23353 Workerman[yii] stopping ...
2019-12-14 02:17:11 pid:23353 Workerman[yii] has been stopped
2019-12-14 02:17:14 pid:23376 Workerman[guestserverrunall_start_file] start in DEBUG mode
2019-12-14 02:17:25 pid:23386 Workerman[csserverrunall_start_file] start in DEBUG mode
2019-12-14 02:18:08 pid:23376 Workerman[yii] stopping ...
2019-12-14 02:18:08 pid:23376 Workerman[yii] has been stopped
2019-12-14 02:18:09 pid:23410 Workerman[guestserverrunall_start_file] start in DEBUG mode
2019-12-14 02:18:15 pid:23410 Workerman[yii] stopping ...
2019-12-14 02:18:16 pid:23410 Workerman[yii] has been stopped
2019-12-14 02:18:18 pid:23386 Workerman[yii] stopping ...
2019-12-14 02:18:18 pid:23386 Workerman[yii] has been stopped
2019-12-14 02:18:18 pid:23446 Workerman[csserverrunall_start_file] start in DEBUG mode
2019-12-14 02:18:20 pid:23456 Workerman[guestserverrunall_start_file] start in DEBUG mode
2019-12-14 02:18:36 pid:23456 Workerman[yii] stopping ...
2019-12-14 02:18:36 pid:23456 Workerman[yii] has been stopped
2019-12-14 02:18:37 pid:23479 Workerman[guestserverrunall_start_file] start in DEBUG mode
2019-12-14 02:20:42 pid:23479 Workerman[yii] stopping ...
2019-12-14 02:20:42 pid:23479 Workerman[yii] has been stopped
2019-12-14 02:20:43 pid:23516 Workerman[guestserverrunall_start_file] start in DEBUG mode
2019-12-14 02:20:44 pid:23446 Workerman[yii] stopping ...
2019-12-14 02:20:44 pid:23446 Workerman[yii] has been stopped
2019-12-14 02:20:45 pid:23539 Workerman[csserverrunall_start_file] start in DEBUG mode
2019-12-14 02:21:31 pid:23539 Workerman[yii] stopping ...
2019-12-14 02:21:31 pid:23539 Workerman[yii] has been stopped
2019-12-14 02:21:32 pid:23576 Workerman[csserverrunall_start_file] start in DEBUG mode
2019-12-14 02:22:37 pid:23576 Workerman[yii] stopping ...
2019-12-14 02:22:37 pid:23576 Workerman[yii] has been stopped
2019-12-14 02:22:38 pid:23613 Workerman[csserverrunall_start_file] start in DEBUG mode
2019-12-14 02:24:11 pid:23613 Workerman[yii] stopping ...
2019-12-14 02:24:11 pid:23613 Workerman[yii] has been stopped
2019-12-14 02:24:11 pid:23650 Workerman[csserverrunall_start_file] start in DEBUG mode
2019-12-14 02:28:40 pid:23650 Workerman[yii] stopping ...
2019-12-14 02:28:40 pid:23650 Workerman[yii] has been stopped
2019-12-14 02:28:41 pid:23772 Workerman[csserverrunall_start_file] start in DEBUG mode
2019-12-14 02:29:56 pid:23772 Workerman[yii] stopping ...
2019-12-14 02:29:56 pid:23772 Workerman[yii] has been stopped
2019-12-14 02:29:57 pid:23809 Workerman[csserverrunall_start_file] start in DEBUG mode
2019-12-14 02:30:14 pid:23516 Workerman[yii] stopping ...
2019-12-14 02:30:14 pid:23516 Workerman[yii] has been stopped
2019-12-14 02:30:15 pid:23848 Workerman[guestserverrunall_start_file] start in DEBUG mode
2019-12-14 02:30:19 pid:23815 yii\base\ErrorException: Undefined offset: 0 in /home/www/guangzhou/kefu/console/services/CSBusiHanlderService.php:33
Stack trace:
#0 /home/www/guangzhou/kefu/console/services/CSBusiHanlderService.php(33): yii\base\ErrorHandler->handleError(8, 'Undefined offse...', '/home/www/guang...', 33, Array)
#1 /home/www/guangzhou/kefu_vendor/workerman/workerman/Connection/TcpConnection.php(658): console\services\CSBusiHanlderService::console\services\{closure}(Object(Workerman\Connection\TcpConnection), '{"cmd":"guest_c...')
#2 /home/www/guangzhou/kefu_vendor/workerman/workerman/Events/Select.php(294): Workerman\Connection\TcpConnection->baseRead(Resource id #171)
#3 /home/www/guangzhou/kefu_vendor/workerman/workerman/Worker.php(2380): Workerman\Events\Select->loop()
#4 /home/www/guangzhou/kefu_vendor/workerman/gateway-worker/src/BusinessWorker.php(197): Workerman\Worker->run()
#5 /home/www/guangzhou/kefu_vendor/workerman/workerman/Worker.php(1488): GatewayWorker\BusinessWorker->run()
#6 /home/www/guangzhou/kefu_vendor/workerman/workerman/Worker.php(1318): Workerman\Worker::forkOneWorkerForLinux(Object(GatewayWorker\BusinessWorker))
#7 /home/www/guangzhou/kefu_vendor/workerman/workerman/Worker.php(1292): Workerman\Worker::forkWorkersForLinux()
#8 /home/www/guangzhou/kefu_vendor/workerman/workerman/Worker.php(509): Workerman\Worker::forkWorkers()
#9 /home/www/guangzhou/kefu/console/modules/cs/controllers/ServerController.php(50): Workerman\Worker::runAll()
#10 [internal function]: console\modules\cs\controllers\ServerController->actionRunAll('start')
#11 /home/www/guangzhou/kefu_vendor/yiisoft/yii2/base/InlineAction.php(57): call_user_func_array(Array, Array)
#12 /home/www/guangzhou/kefu_vendor/yiisoft/yii2/base/Controller.php(157): yii\base\InlineAction->runWithParams(Array)
#13 /home/www/guangzhou/kefu_vendor/yiisoft/yii2/console/Controller.php(148): yii\base\Controller->runAction('run-all', Array)
#14 /home/www/guangzhou/kefu_vendor/yiisoft/yii2/base/Module.php(528): yii\console\Controller->runAction('run-all', Array)
#15 /home/www/guangzhou/kefu_vendor/yiisoft/yii2/console/Application.php(180): yii\base\Module->runAction('cs/server/run-a...', Array)
#16 /home/www/guangzhou/kefu_vendor/yiisoft/yii2/console/Application.php(147): yii\console\Application->runAction('cs/server/run-a...', Array)
#17 /home/www/guangzhou/kefu_vendor/yiisoft/yii2/base/Application.php(386): yii\console\Application->handleRequest(Object(yii\console\Request))
#18 /home/www/guangzhou/kefu/yii(23): yii\base\Application->run()
#19 {main}
2019-12-14 02:30:19 pid:23815 Worker[23815] process terminated
2019-12-14 02:30:19 pid:23809 worker[cs_busworker:23815] exit with status 64000
2019-12-14 02:30:34 pid:23809 Workerman[yii] stopping ...
2019-12-14 02:30:34 pid:23809 Workerman[yii] has been stopped
2019-12-14 02:30:34 pid:23886 Workerman[csserverrunall_start_file] start in DEBUG mode
2019-12-14 03:20:33 pid:23886 Workerman[yii] stopping ...
2019-12-14 03:20:33 pid:23886 Workerman[yii] has been stopped
2019-12-14 09:57:37 pid:23848 Workerman[yii] stopping ...
2019-12-14 09:57:38 pid:23848 Workerman[yii] has been stopped
